PNG copy skipped (palette): /compile/Thesis Format (LaTEX)/figures/theo. fram.png
Image written (PNG, 10 ms): /compile/Thesis Format (LaTEX)/figures/theo. fram.png
PNG copy skipped (other): /compile/Thesis Format (LaTEX)/figures/conceptual-framework.png
Image written (PNG, 58 ms): /compile/Thesis Format (LaTEX)/figures/conceptual-framework.png
PNG copy skipped (other): /compile/Thesis Format (LaTEX)/figures/modified-waterfall-model.png
Image written (PNG, 1 ms): /compile/Thesis Format (LaTEX)/figures/modified-waterfall-model.png
PNG copy skipped (other): ./figures/system_architecture.png
Image written (PNG, 5 ms): ./figures/system_architecture.png
PNG copy skipped (other): ./figures/3d-model.png
Image written (PNG, 10 ms): ./figures/3d-model.png
PNG copy skipped (other): ./figures/top_view.png
Image written (PNG, 6 ms): ./figures/top_view.png
PNG copy skipped (other): ./figures/rear_view.png
Image written (PNG, 6 ms): ./figures/rear_view.png
PNG copy skipped (other): ./figures/front_view.png
Image written (PNG, 6 ms): ./figures/front_view.png
PNG copy skipped (other): ./figures/side_view.png
Image written (PNG, 7 ms): ./figures/side_view.png
PNG copy skipped (other): ./figures/m&d1.png
Image written (PNG, 26 ms): ./figures/m&d1.png
PNG copy skipped (other): ./figures/m&d2.png
Image written (PNG, 20 ms): ./figures/m&d2.png
Image written (JPG, 0 ms): ./figures/sinegraph.jpg
Image written (JPG, 0 ms): ./figures/cosinegraph.jpg
Latexmk: Missing input file 'output.lot' (or dependence on it) from following:
  No file output.lot.
Latexmk: Missing input file 'output.lof' (or dependence on it) from following:
  No file output.lof.
Latexmk: Missing input file 'figures/circuit_diagram' (or dependence on it) from following:
  ! LaTeX Error: File `figures/circuit_diagram' not found.
Latexmk: Missing input file 'figures/context_level_diagram' (or dependence on it) from following:
  ! LaTeX Error: File `figures/context_level_diagram' not found.
Latexmk: Missing bbl file '/compile/output.bbl' in following:
 No file output.bbl.
PNG copy skipped (palette): /compile/Thesis Format (LaTEX)/figures/theo. fram.png
Image written (PNG, 13 ms): /compile/Thesis Format (LaTEX)/figures/theo. fram.png
PNG copy skipped (other): /compile/Thesis Format (LaTEX)/figures/conceptual-framework.png
Image written (PNG, 63 ms): /compile/Thesis Format (LaTEX)/figures/conceptual-framework.png
PNG copy skipped (other): /compile/Thesis Format (LaTEX)/figures/modified-waterfall-model.png
Image written (PNG, 1 ms): /compile/Thesis Format (LaTEX)/figures/modified-waterfall-model.png
PNG copy skipped (other): ./figures/system_architecture.png
Image written (PNG, 5 ms): ./figures/system_architecture.png
PNG copy skipped (other): ./figures/3d-model.png
Image written (PNG, 10 ms): ./figures/3d-model.png
PNG copy skipped (other): ./figures/top_view.png
Image written (PNG, 7 ms): ./figures/top_view.png
PNG copy skipped (other): ./figures/rear_view.png
Image written (PNG, 6 ms): ./figures/rear_view.png
PNG copy skipped (other): ./figures/front_view.png
Image written (PNG, 7 ms): ./figures/front_view.png
PNG copy skipped (other): ./figures/side_view.png
Image written (PNG, 8 ms): ./figures/side_view.png
PNG copy skipped (other): ./figures/m&d1.png
Image written (PNG, 24 ms): ./figures/m&d1.png
PNG copy skipped (other): ./figures/m&d2.png
Image written (PNG, 39 ms): ./figures/m&d2.png
Image written (JPG, 0 ms): ./figures/sinegraph.jpg
Image written (JPG, 0 ms): ./figures/cosinegraph.jpg
Latexmk: Missing input file 'figures/circuit_diagram' (or dependence on it) from following:
  ! LaTeX Error: File `figures/circuit_diagram' not found.
Latexmk: Missing input file 'figures/context_level_diagram' (or dependence on it) from following:
  ! LaTeX Error: File `figures/context_level_diagram' not found.
PNG copy skipped (palette): /compile/Thesis Format (LaTEX)/figures/theo. fram.png
Image written (PNG, 26 ms): /compile/Thesis Format (LaTEX)/figures/theo. fram.png
PNG copy skipped (other): /compile/Thesis Format (LaTEX)/figures/conceptual-framework.png
Image written (PNG, 48 ms): /compile/Thesis Format (LaTEX)/figures/conceptual-framework.png
PNG copy skipped (other): /compile/Thesis Format (LaTEX)/figures/modified-waterfall-model.png
Image written (PNG, 1 ms): /compile/Thesis Format (LaTEX)/figures/modified-waterfall-model.png
PNG copy skipped (other): ./figures/system_architecture.png
Image written (PNG, 5 ms): ./figures/system_architecture.png
PNG copy skipped (other): ./figures/3d-model.png
Image written (PNG, 8 ms): ./figures/3d-model.png
PNG copy skipped (other): ./figures/top_view.png
Image written (PNG, 6 ms): ./figures/top_view.png
PNG copy skipped (other): ./figures/rear_view.png
Image written (PNG, 6 ms): ./figures/rear_view.png
PNG copy skipped (other): ./figures/front_view.png
Image written (PNG, 6 ms): ./figures/front_view.png
PNG copy skipped (other): ./figures/side_view.png
Image written (PNG, 25 ms): ./figures/side_view.png
PNG copy skipped (other): ./figures/m&d1.png
Image written (PNG, 21 ms): ./figures/m&d1.png
PNG copy skipped (other): ./figures/m&d2.png
Image written (PNG, 16 ms): ./figures/m&d2.png
Image written (JPG, 0 ms): ./figures/sinegraph.jpg
Image written (JPG, 0 ms): ./figures/cosinegraph.jpg
Latexmk: Missing input file 'figures/circuit_diagram' (or dependence on it) from following:
  ! LaTeX Error: File `figures/circuit_diagram' not found.
Latexmk: Missing input file 'figures/context_level_diagram' (or dependence on it) from following:
  ! LaTeX Error: File `figures/context_level_diagram' not found.
Latexmk: ====Undefined refs and citations with line #s in .tex file:
  Label `fig:theoritical_framework' multiply defined
