Rc files read:
  /usr/local/share/latexmk/LatexMk
Latexmk: This is Latexmk, John Collins, 27 Dec. 2024. Version 4.86a.
Latexmk: Changing directory to '/compile/Thesis Format (LaTEX)/'
Force *latex to be remade.
------------
Running 'internal overleaf_pre_process "thesis.TEX" "/compile/output.pdf"'
------------
Latexmk: calling overleaf_pre_process( "thesis.TEX" "/compile/output.pdf" )
Latexmk: applying rule 'pdflatex'...
Rule 'pdflatex':  Reasons for rerun
Category 'other':
  Rerun of 'pdflatex' forced or previously required:
    Reason or flag: 'go_mode=3'

------------
Run number 1 of rule 'pdflatex'
------------
------------
Running 'pdflatex  -synctex=1 -interaction=batchmode -recorder --jobname="output" -output-directory="/compile"  "thesis.TEX"'
------------
This is pdfTeX, Version 3.141592653-2.6-1.40.27 (TeX Live 2025) (preloaded format=pdflatex)
 \write18 enabled.
entering extended mode
Latexmk: Getting log file '/compile/output.log'
Latexmk: Examining '/compile/output.fls'
Latexmk: Examining '/compile/output.log'
Latexmk: Found input bbl file '/compile/output.bbl'
Latexmk: Log file says output to '/compile/output.pdf'
Latexmk: Found bibliography file(s):
  ./references.bib
Latexmk: Summary of warnings from last run of *latex:
  Latex found 1 multiply defined reference(s)
  =====Latex reported missing or unavailable character(s).
=====See log file for details.
Latexmk: Errors, in force_mode: so I tried finishing targets
------------
Running 'internal overleaf_post_process "thesis.TEX" "/compile/output.pdf"'
------------
Latexmk: calling overleaf_post_process( "thesis.TEX" "/compile/output.pdf" )
qpdf exit code=0
Renaming optimised file to /compile/output.pdf
Extracting xref table for /compile/output.pdf
qpdf --show-xref exit code=0
Collected error summary (may duplicate other messages):
  pdflatex: Command for 'pdflatex' gave return code 1
      Refer to '/compile/output.log' and/or above output for details
Latexmk: Undoing directory change
'pdflatex': time = 3.00
Processing time = 3.41, of which invoked processes = 3, other = 0.41.
Elapsed clock time = 3.52.
Number of rules run = 1

