\BOOKMARK [0][-]{chapter*.1}{\376\377\000T\000I\000T\000L\000E\000\040\000P\000A\000G\000E}{}% 1
\BOOKMARK [0][-]{chapter*.2}{\376\377\000A\000P\000P\000R\000O\000V\000A\000L\000\040\000S\000H\000E\000E\000T}{}% 2
\BOOKMARK [0][-]{chapter*.2}{\376\377\000A\000B\000S\000T\000R\000A\000C\000T}{}% 3
\BOOKMARK [0][-]{chapter*.2}{\376\377\000D\000E\000D\000I\000C\000A\000T\000I\000O\000N}{}% 4
\BOOKMARK [0][-]{chapter*.2}{\376\377\000A\000C\000K\000N\000O\000W\000L\000E\000D\000G\000M\000E\000N\000T}{}% 5
\BOOKMARK [0][-]{chapter*.2}{\376\377\000T\000A\000B\000L\000E\000\040\000O\000F\000\040\000C\000O\000N\000T\000E\000N\000T\000S}{}% 6
\BOOKMARK [0][-]{chapter*.3}{\376\377\000L\000I\000S\000T\000\040\000O\000F\000\040\000T\000A\000B\000L\000E\000S}{}% 7
\BOOKMARK [0][-]{chapter*.4}{\376\377\000L\000I\000S\000T\000\040\000O\000F\000\040\000E\000Q\000U\000A\000T\000I\000O\000N\000S}{}% 8
\BOOKMARK [0][-]{chapter*.4}{\376\377\000L\000I\000S\000T\000\040\000O\000F\000\040\000F\000I\000G\000U\000R\000E\000S}{}% 9
\BOOKMARK [0][-]{chapter*.6}{\376\377\000L\000I\000S\000T\000\040\000O\000F\000\040\000E\000Q\000U\000A\000T\000I\000O\000N\000S}{}% 10
\BOOKMARK [0][-]{chapter.1}{\376\377\000I\000N\000T\000R\000O\000D\000U\000C\000T\000I\000O\000N}{}% 11
\BOOKMARK [1][-]{section.1.1}{\376\377\000B\000a\000c\000k\000g\000r\000o\000u\000n\000d\000\040\000o\000f\000\040\000t\000h\000e\000\040\000S\000t\000u\000d\000y}{chapter.1}% 12
\BOOKMARK [1][-]{section.1.2}{\376\377\000S\000t\000a\000t\000e\000m\000e\000n\000t\000\040\000o\000f\000\040\000t\000h\000e\000\040\000P\000r\000o\000b\000l\000e\000m}{chapter.1}% 13
\BOOKMARK [1][-]{section.1.3}{\376\377\000O\000b\000j\000e\000c\000t\000i\000v\000e\000s\000\040\000o\000f\000\040\000t\000h\000e\000\040\000S\000t\000u\000d\000y}{chapter.1}% 14
\BOOKMARK [1][-]{section.1.4}{\376\377\000S\000i\000g\000n\000i\000f\000i\000c\000a\000n\000c\000e\000\040\000o\000f\000\040\000t\000h\000e\000\040\000S\000t\000u\000d\000y}{chapter.1}% 15
\BOOKMARK [1][-]{section.1.5}{\376\377\000S\000c\000o\000p\000e\000\040\000a\000n\000d\000\040\000L\000i\000m\000i\000t\000a\000t\000i\000o\000n\000s}{chapter.1}% 16
\BOOKMARK [1][-]{section.1.6}{\376\377\000D\000e\000f\000i\000n\000i\000t\000i\000o\000n\000\040\000o\000f\000\040\000T\000e\000r\000m\000s}{chapter.1}% 17
\BOOKMARK [0][-]{chapter.2}{\376\377\000R\000E\000V\000I\000E\000W\000\040\000O\000F\000\040\000R\000E\000L\000A\000T\000E\000D\000\040\000L\000I\000T\000E\000R\000A\000T\000U\000R\000E}{}% 18
\BOOKMARK [1][-]{section.2.1}{\376\377\000T\000h\000e\000o\000r\000e\000t\000i\000c\000a\000l\000\040\000F\000r\000a\000m\000e\000w\000o\000r\000k}{chapter.2}% 19
\BOOKMARK [2][-]{subsection.2.1.1}{\376\377\000D\000i\000g\000i\000t\000a\000l\000\040\000S\000i\000g\000n\000a\000l\000\040\000P\000r\000o\000c\000e\000s\000s\000i\000n\000g}{section.2.1}% 20
\BOOKMARK [2][-]{subsection.2.1.2}{\376\377\000M\000a\000c\000h\000i\000n\000e\000\040\000L\000e\000a\000r\000n\000i\000n\000g}{section.2.1}% 21
\BOOKMARK [2][-]{subsection.2.1.3}{\376\377\000C\000o\000m\000p\000u\000t\000e\000r\000\040\000V\000i\000s\000i\000o\000n}{section.2.1}% 22
\BOOKMARK [1][-]{section.2.2}{\376\377\000C\000o\000n\000c\000e\000p\000t\000u\000a\000l\000\040\000F\000r\000a\000m\000e\000w\000o\000r\000k}{chapter.2}% 23
\BOOKMARK [1][-]{section.2.3}{\376\377\000L\000i\000t\000e\000r\000a\000t\000u\000r\000e\000\040\000R\000e\000v\000i\000e\000w}{chapter.2}% 24
\BOOKMARK [2][-]{subsection.2.3.1}{\376\377\000D\000i\000g\000i\000t\000a\000l\000\040\000S\000i\000g\000n\000a\000l\000\040\000P\000r\000o\000c\000e\000s\000s\000i\000n\000g}{section.2.3}% 25
\BOOKMARK [3][-]{subsubsection.2.3.1.1}{\376\377\000W\000a\000t\000e\000r\000m\000e\000l\000o\000n\000\040\000S\000o\000r\000t\000i\000n\000g\000\040\000P\000r\000o\000c\000e\000s\000s\000\040\000b\000y\000\040\000F\000r\000e\000q\000u\000e\000n\000c\000y\000\040\000I\000d\000e\000n\000t\000i\000f\000i\000c\000a\000t\000i\000o\000n\000\040\000a\000n\000d\000\040\000A\000r\000t\000i\000f\000i\000c\000i\000a\000l\000\040\000N\000e\000u\000r\000a\000l\000\040\000N\000e\000t\000w\000o\000r\000k\000\040}{subsection.2.3.1}% 26
\BOOKMARK [3][-]{subsubsection.2.3.1.2}{\376\377\000E\000v\000a\000l\000u\000a\000t\000i\000o\000n\000\040\000O\000f\000\040\000W\000a\000t\000e\000r\000m\000e\000l\000o\000n\000\040\000R\000i\000p\000e\000n\000e\000s\000s\000\040\000U\000s\000i\000n\000g\000\040\000S\000e\000l\000f\000\040\000D\000e\000v\000e\000l\000o\000p\000e\000d\000\040\000R\000i\000p\000e\000n\000i\000n\000g\000\040\000D\000e\000t\000e\000c\000t\000o\000r}{subsection.2.3.1}% 27
\BOOKMARK [3][-]{subsubsection.2.3.1.3}{\376\377\000N\000o\000n\000-\000D\000e\000s\000t\000r\000u\000c\000t\000i\000v\000e\000\040\000A\000c\000o\000u\000s\000t\000i\000c\000\040\000S\000c\000r\000e\000e\000n\000i\000n\000g\000\040\000o\000f\000\040\000P\000i\000n\000e\000a\000p\000p\000l\000e\000\040\000R\000i\000p\000e\000n\000e\000s\000s\000\040\000b\000y\000\040\000U\000n\000s\000u\000p\000e\000r\000v\000i\000s\000e\000d\000\040\000M\000a\000c\000h\000i\000n\000e\000\040\000L\000e\000a\000r\000n\000i\000n\000g\000\040\000a\000n\000d\000\040\000W\000a\000v\000e\000l\000e\000t\000\040\000K\000e\000r\000n\000e\000l\000\040\000M\000e\000t\000h\000o\000d\000s}{subsection.2.3.1}% 28
\BOOKMARK [2][-]{subsection.2.3.2}{\376\377\000M\000a\000c\000h\000i\000n\000e\000\040\000L\000e\000a\000r\000n\000i\000n\000g}{section.2.3}% 29
\BOOKMARK [3][-]{subsubsection.2.3.2.1}{\376\377\000W\000a\000t\000e\000r\000m\000e\000l\000o\000n\000\040\000R\000i\000p\000e\000n\000e\000s\000s\000\040\000D\000e\000t\000e\000c\000t\000o\000r\000\040\000U\000s\000i\000n\000g\000\040\000N\000e\000a\000r\000\040\000I\000n\000f\000r\000a\000r\000e\000d\000\040\000S\000p\000e\000c\000t\000r\000o\000s\000c\000o\000p\000y}{subsection.2.3.2}% 30
\BOOKMARK [3][-]{subsubsection.2.3.2.2}{\376\377\000S\000u\000p\000e\000r\000v\000i\000s\000e\000d\000\040\000B\000i\000n\000a\000r\000y\000\040\000C\000l\000a\000s\000s\000i\000f\000i\000c\000a\000t\000i\000o\000n\000\040\000M\000e\000t\000h\000o\000d\000s\000\040\000f\000o\000r\000\040\000S\000t\000r\000a\000w\000b\000e\000r\000r\000y\000\040\000R\000i\000p\000e\000n\000e\000s\000s\000\040\000D\000i\000s\000c\000r\000i\000m\000i\000n\000a\000t\000i\000o\000n\000\040\000f\000r\000o\000m\000\040\000B\000i\000o\000i\000m\000p\000e\000d\000a\000n\000c\000e\000\040\000D\000a\000t\000a}{subsection.2.3.2}% 31
\BOOKMARK [3][-]{subsubsection.2.3.2.3}{\376\377\000A\000u\000t\000o\000m\000a\000t\000i\000c\000\040\000C\000l\000a\000s\000s\000i\000f\000i\000c\000a\000t\000i\000o\000n\000\040\000o\000f\000\040\000t\000h\000e\000\040\000R\000i\000p\000e\000n\000e\000s\000s\000\040\000S\000t\000a\000g\000e\000\040\000o\000f\000\040\000M\000a\000n\000g\000o\000\040\000F\000r\000u\000i\000t\000\040\000U\000s\000i\000n\000g\000\040\000a\000\040\000M\000a\000c\000h\000i\000n\000e\000\040\000L\000e\000a\000r\000n\000i\000n\000g\000\040\000A\000p\000p\000r\000o\000a\000c\000h}{subsection.2.3.2}% 32
\BOOKMARK [2][-]{subsection.2.3.3}{\376\377\000C\000o\000m\000p\000u\000t\000e\000r\000\040\000V\000i\000s\000i\000o\000n}{section.2.3}% 33
\BOOKMARK [3][-]{subsubsection.2.3.3.1}{\376\377\000A\000p\000p\000l\000i\000c\000a\000t\000i\000o\000n\000\040\000o\000f\000\040\000H\000y\000p\000e\000r\000s\000p\000e\000c\000t\000r\000a\000l\000\040\000I\000m\000a\000g\000i\000n\000g\000\040\000f\000o\000r\000\040\000W\000a\000t\000e\000r\000m\000e\000l\000o\000n\000\040\000S\000e\000e\000d\000\040\000C\000l\000a\000s\000s\000i\000f\000i\000c\000a\000t\000i\000o\000n\000\040\000U\000s\000i\000n\000g\000\040\000D\000e\000e\000p\000\040\000L\000e\000a\000r\000n\000i\000n\000g\000\040\000a\000n\000d\000\040\000S\000c\000o\000r\000i\000n\000g\000\040\000M\000e\000c\000h\000a\000n\000i\000s\000m}{subsection.2.3.3}% 34
\BOOKMARK [3][-]{subsubsection.2.3.3.2}{\376\377\000A\000n\000\040\000A\000u\000t\000o\000m\000a\000t\000e\000d\000\040\000P\000i\000p\000e\000l\000i\000n\000e\000\040\000f\000o\000r\000\040\000S\000u\000p\000e\000r\000v\000i\000s\000e\000d\000\040\000C\000l\000a\000s\000s\000i\000f\000i\000c\000a\000t\000i\000o\000n\000\040\000o\000f\000\040\000P\000e\000t\000a\000l\000\040\000C\000o\000l\000o\000r\000\040\000f\000r\000o\000m\000\040\000C\000i\000t\000i\000z\000e\000n\000\040\000S\000c\000i\000e\000n\000c\000e\000\040\000P\000h\000o\000t\000o\000g\000r\000a\000p\000h\000s}{subsection.2.3.3}% 35
\BOOKMARK [1][-]{section.2.4}{\376\377\000S\000y\000n\000t\000h\000e\000s\000i\000s}{chapter.2}% 36
\BOOKMARK [0][-]{chapter.3}{\376\377\000M\000E\000T\000H\000O\000D\000O\000L\000O\000G\000Y}{}% 37
\BOOKMARK [1][-]{section.3.1}{\376\377\000R\000e\000s\000e\000a\000r\000c\000h\000\040\000D\000e\000s\000i\000g\000n\000\040\000\046\000\040\000P\000r\000o\000c\000e\000d\000u\000r\000e}{chapter.3}% 38
\BOOKMARK [1][-]{section.3.2}{\376\377\000D\000a\000t\000a\000\040\000G\000a\000t\000h\000e\000r\000i\000n\000g}{chapter.3}% 39
\BOOKMARK [1][-]{section.3.3}{\376\377\000R\000e\000q\000u\000i\000r\000e\000m\000e\000n\000t\000s\000\040\000A\000n\000a\000l\000y\000s\000i\000s}{chapter.3}% 40
\BOOKMARK [2][-]{subsection.3.3.1}{\376\377\000H\000a\000r\000d\000w\000a\000r\000e\000\040\000R\000e\000q\000u\000i\000r\000e\000m\000e\000n\000t\000s}{section.3.3}% 41
\BOOKMARK [2][-]{subsection.3.3.2}{\376\377\000S\000o\000f\000t\000w\000a\000r\000e\000\040\000R\000e\000q\000u\000i\000r\000e\000m\000e\000n\000t\000s}{section.3.3}% 42
\BOOKMARK [1][-]{section.3.4}{\376\377\000S\000y\000s\000t\000e\000m\000\040\000D\000e\000s\000i\000g\000n}{chapter.3}% 43
\BOOKMARK [2][-]{subsection.3.4.1}{\376\377\000H\000a\000r\000d\000w\000a\000r\000e\000\040\000D\000e\000v\000e\000l\000o\000p\000m\000e\000n\000t}{section.3.4}% 44
\BOOKMARK [3][-]{subsubsection.3.4.1.1}{\376\377\000S\000y\000s\000t\000e\000m\000\040\000A\000r\000c\000h\000i\000t\000e\000c\000t\000u\000r\000e}{subsection.3.4.1}% 45
\BOOKMARK [3][-]{subsubsection.3.4.1.2}{\376\377\000C\000i\000r\000c\000u\000i\000t\000\040\000D\000i\000a\000g\000r\000a\000m}{subsection.3.4.1}% 46
\BOOKMARK [3][-]{subsubsection.3.4.1.3}{\376\377\000H\000a\000r\000d\000w\000a\000r\000e\000\040\000D\000e\000s\000i\000g\000n}{subsection.3.4.1}% 47
\BOOKMARK [2][-]{subsection.3.4.2}{\376\377\000S\000o\000f\000t\000w\000a\000r\000e\000\040\000D\000e\000v\000e\000l\000o\000p\000m\000e\000n\000t}{section.3.4}% 48
\BOOKMARK [3][-]{subsubsection.3.4.2.1}{\376\377\000S\000o\000f\000t\000w\000a\000r\000e\000\040\000A\000r\000c\000h\000i\000t\000e\000c\000t\000u\000r\000e}{subsection.3.4.2}% 49
\BOOKMARK [1][-]{section.3.5}{\376\377\000A\000n\000o\000t\000h\000e\000r\000\040\000S\000e\000c\000t\000i\000o\000n}{chapter.3}% 50
\BOOKMARK [1][-]{section.3.6}{\376\377\000T\000a\000b\000l\000e\000s}{chapter.3}% 51
\BOOKMARK [1][-]{section.3.7}{\376\377\000I\000m\000a\000g\000e\000s}{chapter.3}% 52
\BOOKMARK [0][-]{chapter.4}{\376\377\000R\000E\000S\000U\000L\000T\000S\000\040\000A\000N\000D\000\040\000D\000I\000S\000C\000U\000S\000S\000I\000O\000N}{}% 53
\BOOKMARK [0][-]{chapter.5}{\376\377\000C\000O\000N\000C\000L\000U\000S\000I\000O\000N\000S\000\040\000A\000N\000D\000\040\000R\000E\000C\000O\000M\000M\000E\000N\000D\000A\000T\000I\000O\000N\000S}{}% 54
\BOOKMARK [1][-]{section.5.1}{\376\377\000S\000u\000m\000m\000a\000r\000y\000\040\000o\000f\000\040\000F\000i\000n\000d\000i\000n\000g\000s}{chapter.5}% 55
\BOOKMARK [1][-]{section.5.2}{\376\377\000C\000o\000n\000c\000l\000u\000s\000i\000o\000n}{chapter.5}% 56
\BOOKMARK [1][-]{section.5.3}{\376\377\000R\000e\000c\000o\000m\000m\000e\000n\000d\000a\000t\000i\000o\000n\000s}{chapter.5}% 57
\BOOKMARK [0][-]{chapter*.24}{\376\377\000A\000P\000P\000E\000N\000D\000I\000C\000E\000S}{}% 58
\BOOKMARK [0][-]{chapter*.24}{\376\377\000R\000E\000F\000E\000R\000E\000N\000C\000E\000S}{}% 59
\BOOKMARK [0][-]{chapter*.24}{\376\377\000C\000U\000R\000R\000I\000C\000U\000L\000U\000M\000\040\000V\000I\000T\000A\000E}{}% 60
\BOOKMARK [0][-]{chapter*.24}{\376\377\000C\000E\000R\000T\000I\000F\000I\000C\000A\000T\000E\000\040\000O\000F\000\040\000A\000U\000T\000H\000E\000N\000T\000I\000C\000\040\000A\000U\000T\000H\000O\000R\000S\000H\000I\000P}{}% 61
